<?xml version="1.0" encoding="UTF-8"?>
<!-- Generated by org.testng.reporters.JUnitXMLReporter -->
<testsuite ignored="1" hostname="LAPTOP-GQGRNK3E" failures="0" tests="14" name="Test cases" time="0.1" errors="0" timestamp="2020-12-10T18:45:48 IST">
  <testcase classname="testNG.DependanciesExample" name="highSchool" time="0.012"/>
  <testcase classname="testNG.DependanciesExample" name="higherSecSchool" time="0.001"/>
  <testcase classname="testNG.DependanciesExample" name="engineeringCollege" time="0.002"/>
  <testcase classname="testNG.PriorityCheckDriveCar" name="startCar" time="0.001"/>
  <testcase classname="testNG.PriorityCheckDriveCar" name="putFirstGear" time="0.002"/>
  <testcase classname="testNG.PriorityCheckDriveCar" name="putSecondGear" time="0.001"/>
  <testcase classname="testNG.PriorityCheckDriveCar" name="putThirdGear" time="0.001"/>
  <testcase classname="testNG.PriorityCheckDriveCar" name="putFourthGear" time="0.001"/>
  <testcase classname="testNG.SampleTestCase" name="caseFirst" time="0.002"/>
  <testcase classname="testNG.SkipTestcaseExample" name="startCar" time="0.001"/>
  <testcase classname="testNG.SkipTestcaseExample" name="putFirstGear" time="0.001"/>
  <testcase classname="testNG.SkipTestcaseExample" name="putSecondGear" time="0.001"/>
  <testcase classname="testNG.SkipTestcaseExample" name="putThirdGear" time="0.001"/>
  <testcase classname="testNG.SkipTestcaseExample" name="putFourthGear" time="0.002"/>
  <testcase classname="testNG.SkipTestcaseExample" name="turnOnMusic" time="0.0">
    <ignored/>
  </testcase> <!-- turnOnMusic -->
</testsuite> <!-- Test cases -->
